This file contains any messages produced by compilers while
running configure, to aid debugging if configure makes a mistake.

It was created by configure, which was
generated by GNU Autoconf 2.71.  Invocation command line was

  $ ./configure

## --------- ##
## Platform. ##
## --------- ##

hostname = tyaga-laptop
uname -m = x86_64
uname -r = 6.17.0-19-generic
uname -s = Linux
uname -v = #19~24.04.2-Ubuntu SMP PREEMPT_DYNAMIC Fri Mar  6 23:08:46 UTC 2

/usr/bin/uname -p = x86_64
/bin/uname -X     = unknown

/bin/arch              = x86_64
/usr/bin/arch -k       = unknown
/usr/convex/getsysinfo = unknown
/usr/bin/hostinfo      = unknown
/bin/machine           = unknown
/usr/bin/oslevel       = unknown
/bin/universe          = unknown

PATH: /usr/local/sbin/
PATH: /usr/local/bin/
PATH: /usr/sbin/
PATH: /usr/bin/
PATH: /sbin/
PATH: /bin/
PATH: /usr/games/
PATH: /usr/local/games/
PATH: /snap/bin/
PATH: /snap/bin/


## ----------- ##
## Core tests. ##
## ----------- ##

configure:2651: looking for aux files: compile missing install-sh
configure:2664:  trying ./
configure:2693:   ./compile found
configure:2693:   ./missing found
configure:2675:   ./install-sh found
configure:2823: checking for a BSD-compatible install
configure:2896: result: /usr/bin/install -c
configure:2907: checking whether build environment is sane
configure:2962: result: yes
configure:2997: WARNING: 'missing' script is too old or missing
configure:3121: checking for a race-free mkdir -p
configure:3165: result: /usr/bin/mkdir -p
configure:3172: checking for gawk
configure:3193: found /usr/bin/gawk
configure:3204: result: gawk
configure:3215: checking whether make sets $(MAKE)
configure:3238: result: yes
configure:3268: checking whether make supports nested variables
configure:3286: result: yes
configure:3486: checking for gcc
configure:3507: found /usr/bin/gcc
configure:3518: result: gcc
configure:3871: checking for C compiler version
configure:3880: gcc --version >&5
gcc (Ubuntu 13.3.0-6ubuntu2~24.04.1) 13.3.0
Copyright (C) 2023 Free Software Foundation, Inc.
This is free software; see the source for copying conditions.  There is NO
warranty; not even for MERCHANTABILITY or FITNESS FOR A PARTICULAR PURPOSE.

configure:3891: $? = 0
configure:3880: gcc -v >&5
Using built-in specs.
COLLECT_GCC=gcc
COLLECT_LTO_WRAPPER=/usr/libexec/gcc/x86_64-linux-gnu/13/lto-wrapper
OFFLOAD_TARGET_NAMES=nvptx-none:amdgcn-amdhsa
OFFLOAD_TARGET_DEFAULT=1
Target: x86_64-linux-gnu
Configured with: ../src/configure -v --with-pkgversion='Ubuntu 13.3.0-6ubuntu2~24.04.1' --with-bugurl=file:///usr/share/doc/gcc-13/README.Bugs --enable-languages=c,ada,c++,go,d,fortran,objc,obj-c++,m2 --prefix=/usr --with-gcc-major-version-only --program-suffix=-13 --program-prefix=x86_64-linux-gnu- --enable-shared --enable-linker-build-id --libexecdir=/usr/libexec --without-included-gettext --enable-threads=posix --libdir=/usr/lib --enable-nls --enable-bootstrap --enable-clocale=gnu --enable-libstdcxx-debug --enable-libstdcxx-time=yes --with-default-libstdcxx-abi=new --enable-libstdcxx-backtrace --enable-gnu-unique-object --disable-vtable-verify --enable-plugin --enable-default-pie --with-system-zlib --enable-libphobos-checking=release --with-target-system-zlib=auto --enable-objc-gc=auto --enable-multiarch --disable-werror --enable-cet --with-arch-32=i686 --with-abi=m64 --with-multilib-list=m32,m64,mx32 --enable-multilib --with-tune=generic --enable-offload-targets=nvptx-none=/build/gcc-13-EldibY/gcc-13-13.3.0/debian/tmp-nvptx/usr,amdgcn-amdhsa=/build/gcc-13-EldibY/gcc-13-13.3.0/debian/tmp-gcn/usr --enable-offload-defaulted --without-cuda-driver --enable-checking=release --build=x86_64-linux-gnu --host=x86_64-linux-gnu --target=x86_64-linux-gnu --with-build-config=bootstrap-lto-lean --enable-link-serialization=2
Thread model: posix
Supported LTO compression algorithms: zlib zstd
gcc version 13.3.0 (Ubuntu 13.3.0-6ubuntu2~24.04.1) 
... rest of stderr output deleted ...
configure:3891: $? = 0
configure:3880: gcc -V >&5
gcc: error: unrecognized command-line option '-V'
gcc: fatal error: no input files
compilation terminated.
configure:3891: $? = 1
configure:3880: gcc -qversion >&5
gcc: error: unrecognized command-line option '-qversion'; did you mean '--version'?
gcc: fatal error: no input files
compilation terminated.
configure:3891: $? = 1
configure:3880: gcc -version >&5
gcc: error: unrecognized command-line option '-version'
gcc: fatal error: no input files
compilation terminated.
configure:3891: $? = 1
configure:3911: checking whether the C compiler works
configure:3933: gcc    conftest.c  >&5
configure:3937: $? = 0
configure:3987: result: yes
configure:3990: checking for C compiler default output file name
configure:3992: result: a.out
configure:3998: checking for suffix of executables
configure:4005: gcc -o conftest    conftest.c  >&5
configure:4009: $? = 0
configure:4032: result: 
configure:4054: checking whether we are cross compiling
configure:4062: gcc -o conftest    conftest.c  >&5
configure:4066: $? = 0
configure:4073: ./conftest
configure:4077: $? = 0
configure:4092: result: no
configure:4097: checking for suffix of object files
configure:4120: gcc -c   conftest.c >&5
configure:4124: $? = 0
configure:4146: result: o
configure:4150: checking whether the compiler supports GNU C
configure:4170: gcc -c   conftest.c >&5
configure:4170: $? = 0
configure:4180: result: yes
configure:4191: checking whether gcc accepts -g
configure:4212: gcc -c -g  conftest.c >&5
configure:4212: $? = 0
configure:4256: result: yes
configure:4276: checking for gcc option to enable C11 features
configure:4291: gcc  -c -g -O2  conftest.c >&5
configure:4291: $? = 0
configure:4309: result: none needed
configure:4425: checking whether gcc understands -c and -o together
configure:4448: gcc -c conftest.c -o conftest2.o
configure:4451: $? = 0
configure:4448: gcc -c conftest.c -o conftest2.o
configure:4451: $? = 0
configure:4463: result: yes
configure:4483: checking whether make supports the include directive
configure:4498: make -f confmf.GNU && cat confinc.out
this is the am__doit target
configure:4501: $? = 0
configure:4520: result: yes (GNU style)
configure:4546: checking dependency style of gcc
configure:4658: result: gcc3
configure:4678: checking how to run the C preprocessor
configure:4704: gcc -E  conftest.c
configure:4704: $? = 0
configure:4719: gcc -E  conftest.c
conftest.c:11:10: fatal error: ac_nonexistent.h: No such file or directory
   11 | #include <ac_nonexistent.h>
      |          ^~~~~~~~~~~~~~~~~~
compilation terminated.
configure:4719: $? = 1
configure: failed program was:
| /* confdefs.h */
| #define PACKAGE_NAME ""
| #define PACKAGE_TARNAME ""
| #define PACKAGE_VERSION ""
| #define PACKAGE_STRING ""
| #define PACKAGE_BUGREPORT ""
| #define PACKAGE_URL ""
| #define PACKAGE "tux_aqfh"
| #define VERSION "1.0.15.1"
| /* end confdefs.h.  */
| #include <ac_nonexistent.h>
configure:4746: result: gcc -E
configure:4760: gcc -E  conftest.c
configure:4760: $? = 0
configure:4775: gcc -E  conftest.c
conftest.c:11:10: fatal error: ac_nonexistent.h: No such file or directory
   11 | #include <ac_nonexistent.h>
      |          ^~~~~~~~~~~~~~~~~~
compilation terminated.
configure:4775: $? = 1
configure: failed program was:
| /* confdefs.h */
| #define PACKAGE_NAME ""
| #define PACKAGE_TARNAME ""
| #define PACKAGE_VERSION ""
| #define PACKAGE_STRING ""
| #define PACKAGE_BUGREPORT ""
| #define PACKAGE_URL ""
| #define PACKAGE "tux_aqfh"
| #define VERSION "1.0.15.1"
| /* end confdefs.h.  */
| #include <ac_nonexistent.h>
configure:4874: checking for g++
configure:4895: found /usr/bin/g++
configure:4906: result: g++
configure:4933: checking for C++ compiler version
configure:4942: g++ --version >&5
g++ (Ubuntu 13.3.0-6ubuntu2~24.04.1) 13.3.0
Copyright (C) 2023 Free Software Foundation, Inc.
This is free software; see the source for copying conditions.  There is NO
warranty; not even for MERCHANTABILITY or FITNESS FOR A PARTICULAR PURPOSE.

configure:4953: $? = 0
configure:4942: g++ -v >&5
Using built-in specs.
COLLECT_GCC=g++
COLLECT_LTO_WRAPPER=/usr/libexec/gcc/x86_64-linux-gnu/13/lto-wrapper
OFFLOAD_TARGET_NAMES=nvptx-none:amdgcn-amdhsa
OFFLOAD_TARGET_DEFAULT=1
Target: x86_64-linux-gnu
Configured with: ../src/configure -v --with-pkgversion='Ubuntu 13.3.0-6ubuntu2~24.04.1' --with-bugurl=file:///usr/share/doc/gcc-13/README.Bugs --enable-languages=c,ada,c++,go,d,fortran,objc,obj-c++,m2 --prefix=/usr --with-gcc-major-version-only --program-suffix=-13 --program-prefix=x86_64-linux-gnu- --enable-shared --enable-linker-build-id --libexecdir=/usr/libexec --without-included-gettext --enable-threads=posix --libdir=/usr/lib --enable-nls --enable-bootstrap --enable-clocale=gnu --enable-libstdcxx-debug --enable-libstdcxx-time=yes --with-default-libstdcxx-abi=new --enable-libstdcxx-backtrace --enable-gnu-unique-object --disable-vtable-verify --enable-plugin --enable-default-pie --with-system-zlib --enable-libphobos-checking=release --with-target-system-zlib=auto --enable-objc-gc=auto --enable-multiarch --disable-werror --enable-cet --with-arch-32=i686 --with-abi=m64 --with-multilib-list=m32,m64,mx32 --enable-multilib --with-tune=generic --enable-offload-targets=nvptx-none=/build/gcc-13-EldibY/gcc-13-13.3.0/debian/tmp-nvptx/usr,amdgcn-amdhsa=/build/gcc-13-EldibY/gcc-13-13.3.0/debian/tmp-gcn/usr --enable-offload-defaulted --without-cuda-driver --enable-checking=release --build=x86_64-linux-gnu --host=x86_64-linux-gnu --target=x86_64-linux-gnu --with-build-config=bootstrap-lto-lean --enable-link-serialization=2
Thread model: posix
Supported LTO compression algorithms: zlib zstd
gcc version 13.3.0 (Ubuntu 13.3.0-6ubuntu2~24.04.1) 
... rest of stderr output deleted ...
configure:4953: $? = 0
configure:4942: g++ -V >&5
g++: error: unrecognized command-line option '-V'
g++: fatal error: no input files
compilation terminated.
configure:4953: $? = 1
configure:4942: g++ -qversion >&5
g++: error: unrecognized command-line option '-qversion'; did you mean '--version'?
g++: fatal error: no input files
compilation terminated.
configure:4953: $? = 1
configure:4957: checking whether the compiler supports GNU C++
configure:4977: g++ -c   conftest.cpp >&5
configure:4977: $? = 0
configure:4987: result: yes
configure:4998: checking whether g++ accepts -g
configure:5019: g++ -c -g  conftest.cpp >&5
configure:5019: $? = 0
configure:5063: result: yes
configure:5083: checking for g++ option to enable C++11 features
configure:5098: g++  -c -g -O2  conftest.cpp >&5
conftest.cpp: In function 'int main(int, char**)':
conftest.cpp:177:25: warning: empty parentheses were disambiguated as a function declaration [-Wvexing-parse]
  177 |   cxx11test::delegate d2();
      |                         ^~
conftest.cpp:177:25: note: remove parentheses to default-initialize a variable
  177 |   cxx11test::delegate d2();
      |                         ^~
      |                         --
conftest.cpp:177:25: note: or replace parentheses with braces to value-initialize a variable
configure:5098: $? = 0
configure:5116: result: none needed
configure:5182: checking dependency style of g++
configure:5294: result: gcc3
configure:5314: checking how to run the C++ preprocessor
configure:5336: g++ -E  conftest.cpp
configure:5336: $? = 0
configure:5351: g++ -E  conftest.cpp
conftest.cpp:11:10: fatal error: ac_nonexistent.h: No such file or directory
   11 | #include <ac_nonexistent.h>
      |          ^~~~~~~~~~~~~~~~~~
compilation terminated.
configure:5351: $? = 1
configure: failed program was:
| /* confdefs.h */
| #define PACKAGE_NAME ""
| #define PACKAGE_TARNAME ""
| #define PACKAGE_VERSION ""
| #define PACKAGE_STRING ""
| #define PACKAGE_BUGREPORT ""
| #define PACKAGE_URL ""
| #define PACKAGE "tux_aqfh"
| #define VERSION "1.0.15.1"
| /* end confdefs.h.  */
| #include <ac_nonexistent.h>
configure:5378: result: g++ -E
configure:5392: g++ -E  conftest.cpp
configure:5392: $? = 0
configure:5407: g++ -E  conftest.cpp
conftest.cpp:11:10: fatal error: ac_nonexistent.h: No such file or directory
   11 | #include <ac_nonexistent.h>
      |          ^~~~~~~~~~~~~~~~~~
compilation terminated.
configure:5407: $? = 1
configure: failed program was:
| /* confdefs.h */
| #define PACKAGE_NAME ""
| #define PACKAGE_TARNAME ""
| #define PACKAGE_VERSION ""
| #define PACKAGE_STRING ""
| #define PACKAGE_BUGREPORT ""
| #define PACKAGE_URL ""
| #define PACKAGE "tux_aqfh"
| #define VERSION "1.0.15.1"
| /* end confdefs.h.  */
| #include <ac_nonexistent.h>
configure:5486: checking for ranlib
configure:5507: found /usr/bin/ranlib
configure:5518: result: ranlib
configure:5549: checking for stdio.h
configure:5549: gcc -c -g -O2  conftest.c >&5
configure:5549: $? = 0
configure:5549: result: yes
configure:5549: checking for stdlib.h
configure:5549: gcc -c -g -O2  conftest.c >&5
configure:5549: $? = 0
configure:5549: result: yes
configure:5549: checking for string.h
configure:5549: gcc -c -g -O2  conftest.c >&5
configure:5549: $? = 0
configure:5549: result: yes
configure:5549: checking for inttypes.h
configure:5549: gcc -c -g -O2  conftest.c >&5
configure:5549: $? = 0
configure:5549: result: yes
configure:5549: checking for stdint.h
configure:5549: gcc -c -g -O2  conftest.c >&5
configure:5549: $? = 0
configure:5549: result: yes
configure:5549: checking for strings.h
configure:5549: gcc -c -g -O2  conftest.c >&5
configure:5549: $? = 0
configure:5549: result: yes
configure:5549: checking for sys/stat.h
configure:5549: gcc -c -g -O2  conftest.c >&5
configure:5549: $? = 0
configure:5549: result: yes
configure:5549: checking for sys/types.h
configure:5549: gcc -c -g -O2  conftest.c >&5
configure:5549: $? = 0
configure:5549: result: yes
configure:5549: checking for unistd.h
configure:5549: gcc -c -g -O2  conftest.c >&5
configure:5549: $? = 0
configure:5549: result: yes
configure:5574: checking for windows.h
configure:5574: gcc -c -g -O2  conftest.c >&5
conftest.c:49:10: fatal error: windows.h: No such file or directory
   49 | #include <windows.h>
      |          ^~~~~~~~~~~
compilation terminated.
configure:5574: $? = 1
configure: failed program was:
| /* confdefs.h */
| #define PACKAGE_NAME ""
| #define PACKAGE_TARNAME ""
| #define PACKAGE_VERSION ""
| #define PACKAGE_STRING ""
| #define PACKAGE_BUGREPORT ""
| #define PACKAGE_URL ""
| #define PACKAGE "tux_aqfh"
| #define VERSION "1.0.15.1"
| #define HAVE_STDIO_H 1
| #define HAVE_STDLIB_H 1
| #define HAVE_STRING_H 1
| #define HAVE_INTTYPES_H 1
| #define HAVE_STDINT_H 1
| #define HAVE_STRINGS_H 1
| #define HAVE_SYS_STAT_H 1
| #define HAVE_SYS_TYPES_H 1
| #define HAVE_UNISTD_H 1
| #define STDC_HEADERS 1
| /* end confdefs.h.  */
| #include <stddef.h>
| #ifdef HAVE_STDIO_H
| # include <stdio.h>
| #endif
| #ifdef HAVE_STDLIB_H
| # include <stdlib.h>
| #endif
| #ifdef HAVE_STRING_H
| # include <string.h>
| #endif
| #ifdef HAVE_INTTYPES_H
| # include <inttypes.h>
| #endif
| #ifdef HAVE_STDINT_H
| # include <stdint.h>
| #endif
| #ifdef HAVE_STRINGS_H
| # include <strings.h>
| #endif
| #ifdef HAVE_SYS_TYPES_H
| # include <sys/types.h>
| #endif
| #ifdef HAVE_SYS_STAT_H
| # include <sys/stat.h>
| #endif
| #ifdef HAVE_UNISTD_H
| # include <unistd.h>
| #endif
| #include <windows.h>
configure:5574: result: no
configure:5586: checking for X
configure:5624: gcc -o conftest -g -O2   conftest.c -lX11  >&5
configure:5624: $? = 0
configure:5811: result: libraries , headers 
configure:5909: gcc -o conftest -g -O2   conftest.c   -lX11 >&5
configure:5909: $? = 0
configure:6008: checking for gethostbyname
configure:6008: gcc -o conftest -g -O2   conftest.c  >&5
configure:6008: $? = 0
configure:6008: result: yes
configure:6106: checking for connect
configure:6106: gcc -o conftest -g -O2   conftest.c  >&5
configure:6106: $? = 0
configure:6106: result: yes
configure:6156: checking for remove
configure:6156: gcc -o conftest -g -O2   conftest.c  >&5
configure:6156: $? = 0
configure:6156: result: yes
configure:6206: checking for shmat
configure:6206: gcc -o conftest -g -O2   conftest.c  >&5
configure:6206: $? = 0
configure:6206: result: yes
configure:6265: checking for IceConnectionNumber in -lICE
configure:6288: gcc -o conftest -g -O2   conftest.c -lICE   >&5
configure:6288: $? = 0
configure:6298: result: yes
configure:6313: checking for glNewList in -lGL
configure:6336: gcc -o conftest -g -O2   conftest.c -lGL   -lSM -lICE -lpthread -lX11 -lXi -lXext -lXmu  -lm  >&5
configure:6336: $? = 0
configure:6346: result: yes
configure:6403: checking for gluLookAt in -lGLU
configure:6426: gcc -o conftest -g -O2   conftest.c -lGLU   -lSM -lICE -lpthread -lX11 -lXi -lXext -lXmu  -lm -lGL  >&5
configure:6426: $? = 0
configure:6436: result: yes
configure:6495: checking for glutGetModifiers in -lglut
configure:6518: gcc -o conftest -g -O2   conftest.c -lglut -lGLU -lGL    -lSM -lICE -lpthread -lX11 -lXi -lXext -lXmu  -lm -lGLU -lGL  >&5
configure:6518: $? = 0
configure:6528: result: yes
configure:6596: checking for ALopenport in -laudio
configure:6619: gcc -o conftest -g -O2   conftest.c -laudio  -lplibsl -lplibssg -lplibpu -lplibfnt -lplibsg -lplibul -lglut -lGLU -lGL    -lSM -lICE -lpthread -lX11 -lXi -lXext -lXmu  -lm -lplibjs >&5
/usr/bin/ld: /tmp/ccoNcQyq.o: in function `main':
/home/tyaga/Downloads/tuxaqfh/conftest.c:32:(.text.startup+0xb): undefined reference to `ALopenport'
collect2: error: ld returned 1 exit status
configure:6619: $? = 1
configure: failed program was:
| /* confdefs.h */
| #define PACKAGE_NAME ""
| #define PACKAGE_TARNAME ""
| #define PACKAGE_VERSION ""
| #define PACKAGE_STRING ""
| #define PACKAGE_BUGREPORT ""
| #define PACKAGE_URL ""
| #define PACKAGE "tux_aqfh"
| #define VERSION "1.0.15.1"
| #define HAVE_STDIO_H 1
| #define HAVE_STDLIB_H 1
| #define HAVE_STRING_H 1
| #define HAVE_INTTYPES_H 1
| #define HAVE_STDINT_H 1
| #define HAVE_STRINGS_H 1
| #define HAVE_SYS_STAT_H 1
| #define HAVE_SYS_TYPES_H 1
| #define HAVE_UNISTD_H 1
| #define STDC_HEADERS 1
| #define HAVE_LIBGL 1
| #define HAVE_LIBGLU 1
| #define HAVE_LIBGLUT 1
| /* end confdefs.h.  */
| 
| /* Override any GCC internal prototype to avoid an error.
|    Use char because int might match the return type of a GCC
|    builtin and then its argument prototype would still apply.  */
| char ALopenport ();
| int
| main (void)
| {
| return ALopenport ();
|   ;
|   return 0;
| }
configure:6629: result: no
configure:6648: checking for grep that handles long lines and -e
configure:6712: result: /usr/bin/grep
configure:6717: checking for egrep
configure:6785: result: /usr/bin/grep -E
configure:6792: checking for GL/gl.h
configure:6792: gcc -c -g -O2  conftest.c >&5
configure:6792: $? = 0
configure:6792: result: yes
configure:6798: checking for GL/glu.h
configure:6798: gcc -c -g -O2  conftest.c >&5
configure:6798: $? = 0
configure:6798: result: yes
configure:6804: checking for GL/glut.h
configure:6804: gcc -c -g -O2  conftest.c >&5
configure:6804: $? = 0
configure:6804: result: yes
configure:6812: checking for windows.h
configure:6812: result: no
configure:6819: checking for joystick.h
configure:6819: gcc -c -g -O2  conftest.c >&5
conftest.c:55:10: fatal error: joystick.h: No such file or directory
   55 | #include <joystick.h>
      |          ^~~~~~~~~~~~
compilation terminated.
configure:6819: $? = 1
configure: failed program was:
| /* confdefs.h */
| #define PACKAGE_NAME ""
| #define PACKAGE_TARNAME ""
| #define PACKAGE_VERSION ""
| #define PACKAGE_STRING ""
| #define PACKAGE_BUGREPORT ""
| #define PACKAGE_URL ""
| #define PACKAGE "tux_aqfh"
| #define VERSION "1.0.15.1"
| #define HAVE_STDIO_H 1
| #define HAVE_STDLIB_H 1
| #define HAVE_STRING_H 1
| #define HAVE_INTTYPES_H 1
| #define HAVE_STDINT_H 1
| #define HAVE_STRINGS_H 1
| #define HAVE_SYS_STAT_H 1
| #define HAVE_SYS_TYPES_H 1
| #define HAVE_UNISTD_H 1
| #define STDC_HEADERS 1
| #define HAVE_LIBGL 1
| #define HAVE_LIBGLU 1
| #define HAVE_LIBGLUT 1
| #define HAVE_GL_GL_H 1
| #define HAVE_GL_GLU_H 1
| #define HAVE_GL_GLUT_H 1
| /* end confdefs.h.  */
| #include <stddef.h>
| #ifdef HAVE_STDIO_H
| # include <stdio.h>
| #endif
| #ifdef HAVE_STDLIB_H
| # include <stdlib.h>
| #endif
| #ifdef HAVE_STRING_H
| # include <string.h>
| #endif
| #ifdef HAVE_INTTYPES_H
| # include <inttypes.h>
| #endif
| #ifdef HAVE_STDINT_H
| # include <stdint.h>
| #endif
| #ifdef HAVE_STRINGS_H
| # include <strings.h>
| #endif
| #ifdef HAVE_SYS_TYPES_H
| # include <sys/types.h>
| #endif
| #ifdef HAVE_SYS_STAT_H
| # include <sys/stat.h>
| #endif
| #ifdef HAVE_UNISTD_H
| # include <unistd.h>
| #endif
| #include <joystick.h>
configure:6819: result: no
configure:6826: checking for linux/joystick.h
configure:6826: gcc -c -g -O2  conftest.c >&5
configure:6826: $? = 0
configure:6826: result: yes
configure:7030: checking that generated files are newer than configure
configure:7036: result: done
configure:7075: creating ./config.status

## ---------------------- ##
## Running config.status. ##
## ---------------------- ##

This file was extended by config.status, which was
generated by GNU Autoconf 2.71.  Invocation command line was

  CONFIG_FILES    = 
  CONFIG_HEADERS  = 
  CONFIG_LINKS    = 
  CONFIG_COMMANDS = 
  $ ./config.status 

on tyaga-laptop

config.status:804: creating Makefile
config.status:804: creating contrib/Makefile
config.status:804: creating data/Makefile
config.status:804: creating doc/Makefile
config.status:804: creating fonts/Makefile
config.status:804: creating images/Makefile
config.status:804: creating models/Makefile
config.status:804: creating mods/Makefile
config.status:804: creating penguin/Makefile
config.status:804: creating slamcode/Makefile
config.status:804: creating src/Makefile
config.status:804: creating wavs/Makefile
config.status:976: executing depfiles commands
config.status:1053: cd src       && sed -e '/# am--include-marker/d' Makefile         | make -f - am--depfiles
make: Nothing to be done for 'am--depfiles'.
config.status:1058: $? = 0

## ---------------- ##
## Cache variables. ##
## ---------------- ##

ac_cv_c_compiler_gnu=yes
ac_cv_cxx_compiler_gnu=yes
ac_cv_env_CCC_set=
ac_cv_env_CCC_value=
ac_cv_env_CC_set=
ac_cv_env_CC_value=
ac_cv_env_CFLAGS_set=
ac_cv_env_CFLAGS_value=
ac_cv_env_CPPFLAGS_set=
ac_cv_env_CPPFLAGS_value=
ac_cv_env_CPP_set=
ac_cv_env_CPP_value=
ac_cv_env_CXXCPP_set=
ac_cv_env_CXXCPP_value=
ac_cv_env_CXXFLAGS_set=
ac_cv_env_CXXFLAGS_value=
ac_cv_env_CXX_set=
ac_cv_env_CXX_value=
ac_cv_env_LDFLAGS_set=
ac_cv_env_LDFLAGS_value=
ac_cv_env_LIBS_set=
ac_cv_env_LIBS_value=
ac_cv_env_XMKMF_set=
ac_cv_env_XMKMF_value=
ac_cv_env_build_alias_set=
ac_cv_env_build_alias_value=
ac_cv_env_host_alias_set=
ac_cv_env_host_alias_value=
ac_cv_env_target_alias_set=
ac_cv_env_target_alias_value=
ac_cv_func_connect=yes
ac_cv_func_gethostbyname=yes
ac_cv_func_remove=yes
ac_cv_func_shmat=yes
ac_cv_have_x='have_x=yes	ac_x_includes='\'''\''	ac_x_libraries='\'''\'''
ac_cv_header_GL_gl_h=yes
ac_cv_header_GL_glu_h=yes
ac_cv_header_GL_glut_h=yes
ac_cv_header_inttypes_h=yes
ac_cv_header_joystick_h=no
ac_cv_header_linux_joystick_h=yes
ac_cv_header_stdint_h=yes
ac_cv_header_stdio_h=yes
ac_cv_header_stdlib_h=yes
ac_cv_header_string_h=yes
ac_cv_header_strings_h=yes
ac_cv_header_sys_stat_h=yes
ac_cv_header_sys_types_h=yes
ac_cv_header_unistd_h=yes
ac_cv_header_windows_h=no
ac_cv_lib_GLU_gluLookAt=yes
ac_cv_lib_GL_glNewList=yes
ac_cv_lib_ICE_IceConnectionNumber=yes
ac_cv_lib_audio_ALopenport=no
ac_cv_lib_glut_glutGetModifiers=yes
ac_cv_objext=o
ac_cv_path_EGREP='/usr/bin/grep -E'
ac_cv_path_GREP=/usr/bin/grep
ac_cv_path_install='/usr/bin/install -c'
ac_cv_path_mkdir=/usr/bin/mkdir
ac_cv_prog_AWK=gawk
ac_cv_prog_CPP='gcc -E'
ac_cv_prog_CXXCPP='g++ -E'
ac_cv_prog_ac_ct_CC=gcc
ac_cv_prog_ac_ct_CXX=g++
ac_cv_prog_ac_ct_RANLIB=ranlib
ac_cv_prog_cc_c11=
ac_cv_prog_cc_g=yes
ac_cv_prog_cc_stdc=
ac_cv_prog_cxx_cxx11=
ac_cv_prog_cxx_g=yes
ac_cv_prog_cxx_stdcxx=
ac_cv_prog_make_make_set=yes
am_cv_CC_dependencies_compiler_type=gcc3
am_cv_CXX_dependencies_compiler_type=gcc3
am_cv_make_support_nested_variables=yes
am_cv_prog_cc_c_o=yes

## ----------------- ##
## Output variables. ##
## ----------------- ##

ACLOCAL='aclocal-1.16'
AMDEPBACKSLASH='\'
AMDEP_FALSE='#'
AMDEP_TRUE=''
AMTAR='$${TAR-tar}'
AM_BACKSLASH='\'
AM_DEFAULT_V='$(AM_DEFAULT_VERBOSITY)'
AM_DEFAULT_VERBOSITY='1'
AM_V='$(V)'
AUTOCONF='autoconf'
AUTOHEADER='autoheader'
AUTOMAKE='automake-1.16'
AWK='gawk'
CC='gcc'
CCDEPMODE='depmode=gcc3'
CFLAGS='-g -O2 -O6 -Wall'
CPP='gcc -E'
CPPFLAGS=''
CSCOPE='cscope'
CTAGS='ctags'
CXX='g++'
CXXCPP='g++ -E'
CXXDEPMODE='depmode=gcc3'
CXXFLAGS='-g -O2 -O6 -Wall'
CYGPATH_W='echo'
DEFS='-DPACKAGE_NAME=\"\" -DPACKAGE_TARNAME=\"\" -DPACKAGE_VERSION=\"\" -DPACKAGE_STRING=\"\" -DPACKAGE_BUGREPORT=\"\" -DPACKAGE_URL=\"\" -DPACKAGE=\"tux_aqfh\" -DVERSION=\"1.0.15.1\" -DHAVE_STDIO_H=1 -DHAVE_STDLIB_H=1 -DHAVE_STRING_H=1 -DHAVE_INTTYPES_H=1 -DHAVE_STDINT_H=1 -DHAVE_STRINGS_H=1 -DHAVE_SYS_STAT_H=1 -DHAVE_SYS_TYPES_H=1 -DHAVE_UNISTD_H=1 -DSTDC_HEADERS=1 -DHAVE_LIBGL=1 -DHAVE_LIBGLU=1 -DHAVE_LIBGLUT=1 -DHAVE_GL_GL_H=1 -DHAVE_GL_GLU_H=1 -DHAVE_GL_GLUT_H=1 -DLINUX_JOYSTICK_IS_PRESENT=1 -DTUX_AQFH_DATADIR=\"\$$\{prefix\}/share/games/tux_aqfh\"'
DEPDIR='.deps'
ECHO_C=''
ECHO_N='-n'
ECHO_T=''
EGREP='/usr/bin/grep -E'
ENABLE_AUDIO_FALSE='#'
ENABLE_AUDIO_TRUE=''
ENABLE_IRIX_AUDIO_FALSE=''
ENABLE_IRIX_AUDIO_TRUE='#'
ENABLE_WIN32_AUDIO_FALSE=''
ENABLE_WIN32_AUDIO_TRUE='#'
ETAGS='etags'
EXEEXT=''
GREP='/usr/bin/grep'
INSTALL_DATA='${INSTALL} -m 644'
INSTALL_PROGRAM='${INSTALL}'
INSTALL_SCRIPT='${INSTALL}'
INSTALL_STRIP_PROGRAM='$(install_sh) -c -s'
LDFLAGS=''
LIBOBJS=''
LIBS='-lplibsl -lplibssg -lplibpu -lplibfnt -lplibsg -lplibul -lglut -lGLU -lGL    -lSM -lICE -lpthread -lX11 -lXi -lXext -lXmu  -lm -lplibjs'
LTLIBOBJS=''
MAKEINFO='makeinfo'
MKDIR_P='/usr/bin/mkdir -p'
OBJEXT='o'
PACKAGE='tux_aqfh'
PACKAGE_BUGREPORT=''
PACKAGE_NAME=''
PACKAGE_STRING=''
PACKAGE_TARNAME=''
PACKAGE_URL=''
PACKAGE_VERSION=''
PATH_SEPARATOR=':'
RANLIB='ranlib'
SET_MAKE=''
SHELL='/bin/bash'
STRIP=''
VERSION='1.0.15.1'
XMKMF=''
X_CFLAGS=''
X_EXTRA_LIBS=''
X_LIBS=''
X_PRE_LIBS=' -lSM -lICE'
ac_ct_CC='gcc'
ac_ct_CXX='g++'
am__EXEEXT_FALSE=''
am__EXEEXT_TRUE='#'
am__fastdepCC_FALSE='#'
am__fastdepCC_TRUE=''
am__fastdepCXX_FALSE='#'
am__fastdepCXX_TRUE=''
am__include='include'
am__isrc=''
am__leading_dot='.'
am__nodep='_no'
am__quote=''
am__tar='$${TAR-tar} chof - "$$tardir"'
am__untar='$${TAR-tar} xf -'
bindir='${exec_prefix}/bin'
build_alias=''
datadir='${datarootdir}'
datarootdir='${prefix}/share'
docdir='${datarootdir}/doc/${PACKAGE}'
dvidir='${docdir}'
exec_prefix='${prefix}'
host_alias=''
htmldir='${docdir}'
includedir='${prefix}/include'
infodir='${datarootdir}/info'
install_sh='${SHELL} /home/tyaga/Downloads/tuxaqfh/install-sh'
libdir='${exec_prefix}/lib'
libexecdir='${exec_prefix}/libexec'
localedir='${datarootdir}/locale'
localstatedir='${prefix}/var'
mandir='${datarootdir}/man'
mkdir_p='$(MKDIR_P)'
oldincludedir='/usr/include'
pdfdir='${docdir}'
prefix='/usr/local'
program_transform_name='s,x,x,'
psdir='${docdir}'
runstatedir='${localstatedir}/run'
sbindir='${exec_prefix}/sbin'
sharedstatedir='${prefix}/com'
sysconfdir='${prefix}/etc'
target_alias=''

## ----------- ##
## confdefs.h. ##
## ----------- ##

/* confdefs.h */
#define PACKAGE_NAME ""
#define PACKAGE_TARNAME ""
#define PACKAGE_VERSION ""
#define PACKAGE_STRING ""
#define PACKAGE_BUGREPORT ""
#define PACKAGE_URL ""
#define PACKAGE "tux_aqfh"
#define VERSION "1.0.15.1"
#define HAVE_STDIO_H 1
#define HAVE_STDLIB_H 1
#define HAVE_STRING_H 1
#define HAVE_INTTYPES_H 1
#define HAVE_STDINT_H 1
#define HAVE_STRINGS_H 1
#define HAVE_SYS_STAT_H 1
#define HAVE_SYS_TYPES_H 1
#define HAVE_UNISTD_H 1
#define STDC_HEADERS 1
#define HAVE_LIBGL 1
#define HAVE_LIBGLU 1
#define HAVE_LIBGLUT 1
#define HAVE_GL_GL_H 1
#define HAVE_GL_GLU_H 1
#define HAVE_GL_GLUT_H 1
#define LINUX_JOYSTICK_IS_PRESENT 1
#define TUX_AQFH_DATADIR "${prefix}/share/games/tux_aqfh"

configure: exit 0
